IQ-TREE multicore version 2.0.3 for Linux 64-bit built Apr 26 2020
Developed by Bui Quang Minh, Nguyen Lam Tung, Olga Chernomor,
Heiko Schmidt, Dominik Schrempf, Michael Woodhams.

Host:    Diogenes (AVX2, FMA3, 7 GB RAM)
Command: iqtree -ninit 2 -n 2 -me 0.05 -nt 1 -s results/aligned-delim.fasta -m GTR
Seed:    692754 (Using SPRNG - Scalable Parallel Random Number Generator)
Time:    Sat Jul 18 13:45:11 2020
Kernel:  AVX+FMA - 1 threads (4 CPU cores detected)

HINT: Use -nt option to specify number of threads because your CPU has 4 cores!
HINT: -nt AUTO will automatically determine the best number of threads to use.

Reading alignment file results/aligned-delim.fasta ... Fasta format detected
Alignment most likely contains DNA/RNA sequences
Alignment has 34 sequences with 10769 columns, 551 distinct patterns
174 parsimony-informative, 178 singleton sites, 10417 constant sites
                                         Gap/Ambiguity  Composition  p-value
   1  KX369547.1                                 0.00%    passed     99.40%
   2  1_0087_PF                                  1.70%    passed     99.94%
   3  1_0181_PF                                  1.71%    passed     99.99%
   4  1_0199_PF                                 15.72%    passed     87.43%
   5  ZKC2_X_X_2016                              0.00%    passed     98.25%
   6  SMGC_1                                     0.01%    passed     98.03%
   7  EcEs062_16                                 0.00%    passed     99.10%
   8  PAN_X_X_CDC_259359_V1_V3_X_X_2015          0.19%    passed     99.48%
   9  COL_X_X_FLR_00024_X_X_2015                 1.03%    passed     99.89%
  10  COL_X_X_FLR_00008_X_X_2015                 1.03%    passed     99.84%
  11  VEN_X_X_UF_1_X_X_2016                      0.00%    passed     99.85%
  12  Colombia_X_X_2016_X_X_ZC204Se              1.51%    passed     99.86%
  13  Brazil_X_X_2015_X_X_ZBRC301                8.60%    passed     95.08%
  14  Brazil_X_X_2015_X_X_ZBRA105                8.57%    passed     97.37%
  15  Brazil_X_X_2015_X_X_ZBRC303               45.48%    passed     81.59%
  16  HND_X_X_2016_X_X_HU_ME59                   3.79%    passed     97.77%
  17  Nica1_16                                   1.18%    passed     99.99%
  18  V8375                                      4.62%    passed     98.34%
  19  PRVABC59                                   1.02%    passed     99.94%
  20  USA_X_X_2016_X_X_FL022                     3.76%    passed     98.10%
  21  BRA_X_X_2016_X_X_FC_6706                   6.87%    passed     97.57%
  22  DOM_X_X_2016_X_X_BB_0059                  12.64%    passed     98.32%
  23  DOM_X_X_2016_X_X_BB_0433                   3.76%    passed     97.76%
  24  DOM_X_X_2016_X_X_BB_0183                   1.38%    passed     99.94%
  25  DOM_X_X_2016_X_X_MA_WGS16_011              3.63%    passed    100.00%
  26  USA_X_X_2016_X_X_FLUR022                   0.00%    passed     99.03%
  27  Aedes_aegypti_X_X_USA_X_X_2016_X_X_FL05    1.50%    passed     99.95%
  28  USA_X_X_2016_X_X_FLWB042                  23.86%    passed     97.37%
  29  SG_027                                     0.47%    passed     95.76%
  30  SG_074                                     0.07%    passed     95.55%
  31  SG_056                                     0.31%    passed     97.12%
  32  SG_018                                     1.20%    passed     94.06%
  33  Thailand_X_X_1610acTw                      2.93%    passed    100.00%
  34  Brazil_X_X_2016_X_X_ZBRC16                33.35%    passed     63.59%
****  TOTAL                                      5.64%  0 sequences failed composition chi2 test (p-value<5%; df=3)

Create initial parsimony tree by phylogenetic likelihood library (PLL)... 0.001 seconds

NOTE: 0 MB RAM (0 GB) is required!
Estimate model parameters (epsilon = 0.500)
1. Initial log-likelihood: -18287.055
2. Current log-likelihood: -18054.341
3. Current log-likelihood: -17978.619
4. Current log-likelihood: -17975.213
5. Current log-likelihood: -17974.447
Optimal log-likelihood: -17974.447
Rate parameters:  A-C: 1.22230  A-G: 8.65972  A-T: 0.98892  C-G: 0.32636  C-T: 23.91044  G-T: 1.00000
Base frequencies:  A: 0.274  C: 0.220  G: 0.292  T: 0.214
Parameters optimization took 5 rounds (0.098 sec)
Computing ML distances based on estimated model parameters... 0.006 sec
Computing BIONJ tree...
0.001 seconds
Log-likelihood of BIONJ tree: -18000.487
--------------------------------------------------------------------
|             INITIALIZING CANDIDATE TREE SET                      |
--------------------------------------------------------------------

Do NNI search on 2 best initial trees
Estimate model parameters (epsilon = 0.500)
BETTER TREE FOUND at iteration 1: -17969.774
Finish initializing candidate tree set (3)
Current best tree score: -17969.774 / CPU time: 0.066
Number of iterations: 2
TREE SEARCH COMPLETED AFTER 2 ITERATIONS / Time: 0h:0m:0s

--------------------------------------------------------------------
|                    FINALIZING TREE SEARCH                        |
--------------------------------------------------------------------
Performs final model parameters optimization
Estimate model parameters (epsilon = 0.050)
1. Initial log-likelihood: -17969.774
Optimal log-likelihood: -17969.773
Rate parameters:  A-C: 1.22420  A-G: 8.60711  A-T: 0.99293  C-G: 0.32529  C-T: 23.92534  G-T: 1.00000
Base frequencies:  A: 0.274  C: 0.220  G: 0.292  T: 0.214
Parameters optimization took 1 rounds (0.006 sec)
BEST SCORE FOUND : -17969.773
Total tree length: 0.037

Total number of iterations: 2
CPU time used for tree search: 0.066 sec (0h:0m:0s)
Wall-clock time used for tree search: 0.066 sec (0h:0m:0s)
Total CPU time used: 0.194 sec (0h:0m:0s)
Total wall-clock time used: 0.198 sec (0h:0m:0s)

Analysis results written to: 
  IQ-TREE report:                results/aligned-delim.fasta.iqtree
  Maximum-likelihood tree:       results/aligned-delim.fasta.treefile
  Likelihood distances:          results/aligned-delim.fasta.mldist
  Screen log file:               results/aligned-delim.fasta.log

Date and Time: Sat Jul 18 13:45:11 2020
